2021-01-29 12:19:20,093 INFO c.Server [main] Server started
2021-01-29 12:20:21,539 INFO c.Server [main] Server started
2021-01-29 12:29:27,616 INFO c.Server [main] Server started
2021-01-29 12:33:15,400 INFO c.Server [main] Server started
2021-01-29 12:34:22,444 INFO c.ServerHandler [nioEventLoopGroup-3-1] Client with ip: /127.0.0.1:8189 connected
2021-01-29 12:35:20,125 INFO c.ServerHandler [nioEventLoopGroup-3-1] Client with ip: /127.0.0.1:8189 disconnected
2021-01-29 12:35:26,108 WARN i.n.c.ChannelInitializer [nioEventLoopGroup-3-2] Failed to initialize a channel. Closing: [id: 0x25295b40, L:/127.0.0.1:8189 - R:/127.0.0.1:58549]
io.netty.channel.ChannelPipelineException: core.ServerHandler is not a @Sharable handler, so can't be added or removed multiple times.
	at io.netty.channel.DefaultChannelPipeline.checkMultiplicity(DefaultChannelPipeline.java:600) ~[netty-all-4.1.52.Final.jar:4.1.52.Final]
	at io.netty.channel.DefaultChannelPipeline.addLast(DefaultChannelPipeline.java:202) ~[netty-all-4.1.52.Final.jar:4.1.52.Final]
	at io.netty.channel.DefaultChannelPipeline.addLast(DefaultChannelPipeline.java:381) ~[netty-all-4.1.52.Final.jar:4.1.52.Final]
	at io.netty.channel.DefaultChannelPipeline.addLast(DefaultChannelPipeline.java:370) ~[netty-all-4.1.52.Final.jar:4.1.52.Final]
	at core.Server$1.initChannel(Server.java:32) ~[main/:?]
	at core.Server$1.initChannel(Server.java:29) ~[main/:?]
	at io.netty.channel.ChannelInitializer.initChannel(ChannelInitializer.java:129) [netty-all-4.1.52.Final.jar:4.1.52.Final]
	at io.netty.channel.ChannelInitializer.handlerAdded(ChannelInitializer.java:112) [netty-all-4.1.52.Final.jar:4.1.52.Final]
	at io.netty.channel.AbstractChannelHandlerContext.callHandlerAdded(AbstractChannelHandlerContext.java:938) [netty-all-4.1.52.Final.jar:4.1.52.Final]
	at io.netty.channel.DefaultChannelPipeline.callHandlerAdded0(DefaultChannelPipeline.java:609) [netty-all-4.1.52.Final.jar:4.1.52.Final]
	at io.netty.channel.DefaultChannelPipeline.access$100(DefaultChannelPipeline.java:46) [netty-all-4.1.52.Final.jar:4.1.52.Final]
	at io.netty.channel.DefaultChannelPipeline$PendingHandlerAddedTask.execute(DefaultChannelPipeline.java:1463) [netty-all-4.1.52.Final.jar:4.1.52.Final]
	at io.netty.channel.DefaultChannelPipeline.callHandlerAddedForAllHandlers(DefaultChannelPipeline.java:1115) [netty-all-4.1.52.Final.jar:4.1.52.Final]
	at io.netty.channel.DefaultChannelPipeline.invokeHandlerAddedIfNeeded(DefaultChannelPipeline.java:650) [netty-all-4.1.52.Final.jar:4.1.52.Final]
	at io.netty.channel.AbstractChannel$AbstractUnsafe.register0(AbstractChannel.java:502) [netty-all-4.1.52.Final.jar:4.1.52.Final]
	at io.netty.channel.AbstractChannel$AbstractUnsafe.access$200(AbstractChannel.java:417) [netty-all-4.1.52.Final.jar:4.1.52.Final]
	at io.netty.channel.AbstractChannel$AbstractUnsafe$1.run(AbstractChannel.java:474) [netty-all-4.1.52.Final.jar:4.1.52.Final]
	at io.netty.util.concurrent.AbstractEventExecutor.safeExecute(AbstractEventExecutor.java:164) [netty-all-4.1.52.Final.jar:4.1.52.Final]
	at io.netty.util.concurrent.SingleThreadEventExecutor.runAllTasks(SingleThreadEventExecutor.java:472) [netty-all-4.1.52.Final.jar:4.1.52.Final]
	at io.netty.channel.nio.NioEventLoop.run(NioEventLoop.java:500) [netty-all-4.1.52.Final.jar:4.1.52.Final]
	at io.netty.util.concurrent.SingleThreadEventExecutor$4.run(SingleThreadEventExecutor.java:989) [netty-all-4.1.52.Final.jar:4.1.52.Final]
	at io.netty.util.internal.ThreadExecutorMap$2.run(ThreadExecutorMap.java:74) [netty-all-4.1.52.Final.jar:4.1.52.Final]
	at io.netty.util.concurrent.FastThreadLocalRunnable.run(FastThreadLocalRunnable.java:30) [netty-all-4.1.52.Final.jar:4.1.52.Final]
	at java.lang.Thread.run(Thread.java:748) [?:1.8.0_251]
2021-01-29 12:46:33,070 WARN i.n.c.ChannelInitializer [nioEventLoopGroup-3-3] Failed to initialize a channel. Closing: [id: 0x38246200, L:/127.0.0.1:8189 - R:/127.0.0.1:58610]
io.netty.channel.ChannelPipelineException: core.ServerHandler is not a @Sharable handler, so can't be added or removed multiple times.
	at io.netty.channel.DefaultChannelPipeline.checkMultiplicity(DefaultChannelPipeline.java:600) ~[netty-all-4.1.52.Final.jar:4.1.52.Final]
	at io.netty.channel.DefaultChannelPipeline.addLast(DefaultChannelPipeline.java:202) ~[netty-all-4.1.52.Final.jar:4.1.52.Final]
	at io.netty.channel.DefaultChannelPipeline.addLast(DefaultChannelPipeline.java:381) ~[netty-all-4.1.52.Final.jar:4.1.52.Final]
	at io.netty.channel.DefaultChannelPipeline.addLast(DefaultChannelPipeline.java:370) ~[netty-all-4.1.52.Final.jar:4.1.52.Final]
	at core.Server$1.initChannel(Server.java:32) ~[main/:?]
	at core.Server$1.initChannel(Server.java:29) ~[main/:?]
	at io.netty.channel.ChannelInitializer.initChannel(ChannelInitializer.java:129) [netty-all-4.1.52.Final.jar:4.1.52.Final]
	at io.netty.channel.ChannelInitializer.handlerAdded(ChannelInitializer.java:112) [netty-all-4.1.52.Final.jar:4.1.52.Final]
	at io.netty.channel.AbstractChannelHandlerContext.callHandlerAdded(AbstractChannelHandlerContext.java:938) [netty-all-4.1.52.Final.jar:4.1.52.Final]
	at io.netty.channel.DefaultChannelPipeline.callHandlerAdded0(DefaultChannelPipeline.java:609) [netty-all-4.1.52.Final.jar:4.1.52.Final]
	at io.netty.channel.DefaultChannelPipeline.access$100(DefaultChannelPipeline.java:46) [netty-all-4.1.52.Final.jar:4.1.52.Final]
	at io.netty.channel.DefaultChannelPipeline$PendingHandlerAddedTask.execute(DefaultChannelPipeline.java:1463) [netty-all-4.1.52.Final.jar:4.1.52.Final]
	at io.netty.channel.DefaultChannelPipeline.callHandlerAddedForAllHandlers(DefaultChannelPipeline.java:1115) [netty-all-4.1.52.Final.jar:4.1.52.Final]
	at io.netty.channel.DefaultChannelPipeline.invokeHandlerAddedIfNeeded(DefaultChannelPipeline.java:650) [netty-all-4.1.52.Final.jar:4.1.52.Final]
	at io.netty.channel.AbstractChannel$AbstractUnsafe.register0(AbstractChannel.java:502) [netty-all-4.1.52.Final.jar:4.1.52.Final]
	at io.netty.channel.AbstractChannel$AbstractUnsafe.access$200(AbstractChannel.java:417) [netty-all-4.1.52.Final.jar:4.1.52.Final]
	at io.netty.channel.AbstractChannel$AbstractUnsafe$1.run(AbstractChannel.java:474) [netty-all-4.1.52.Final.jar:4.1.52.Final]
	at io.netty.util.concurrent.AbstractEventExecutor.safeExecute(AbstractEventExecutor.java:164) [netty-all-4.1.52.Final.jar:4.1.52.Final]
	at io.netty.util.concurrent.SingleThreadEventExecutor.runAllTasks(SingleThreadEventExecutor.java:472) [netty-all-4.1.52.Final.jar:4.1.52.Final]
	at io.netty.channel.nio.NioEventLoop.run(NioEventLoop.java:500) [netty-all-4.1.52.Final.jar:4.1.52.Final]
	at io.netty.util.concurrent.SingleThreadEventExecutor$4.run(SingleThreadEventExecutor.java:989) [netty-all-4.1.52.Final.jar:4.1.52.Final]
	at io.netty.util.internal.ThreadExecutorMap$2.run(ThreadExecutorMap.java:74) [netty-all-4.1.52.Final.jar:4.1.52.Final]
	at io.netty.util.concurrent.FastThreadLocalRunnable.run(FastThreadLocalRunnable.java:30) [netty-all-4.1.52.Final.jar:4.1.52.Final]
	at java.lang.Thread.run(Thread.java:748) [?:1.8.0_251]
2021-01-29 12:49:56,389 WARN i.n.c.ChannelInitializer [nioEventLoopGroup-3-4] Failed to initialize a channel. Closing: [id: 0xb0ed09d3, L:/127.0.0.1:8189 - R:/127.0.0.1:58675]
io.netty.channel.ChannelPipelineException: core.ServerHandler is not a @Sharable handler, so can't be added or removed multiple times.
	at io.netty.channel.DefaultChannelPipeline.checkMultiplicity(DefaultChannelPipeline.java:600) ~[netty-all-4.1.52.Final.jar:4.1.52.Final]
	at io.netty.channel.DefaultChannelPipeline.addLast(DefaultChannelPipeline.java:202) ~[netty-all-4.1.52.Final.jar:4.1.52.Final]
	at io.netty.channel.DefaultChannelPipeline.addLast(DefaultChannelPipeline.java:381) ~[netty-all-4.1.52.Final.jar:4.1.52.Final]
	at io.netty.channel.DefaultChannelPipeline.addLast(DefaultChannelPipeline.java:370) ~[netty-all-4.1.52.Final.jar:4.1.52.Final]
	at core.Server$1.initChannel(Server.java:32) ~[main/:?]
	at core.Server$1.initChannel(Server.java:29) ~[main/:?]
	at io.netty.channel.ChannelInitializer.initChannel(ChannelInitializer.java:129) [netty-all-4.1.52.Final.jar:4.1.52.Final]
	at io.netty.channel.ChannelInitializer.handlerAdded(ChannelInitializer.java:112) [netty-all-4.1.52.Final.jar:4.1.52.Final]
	at io.netty.channel.AbstractChannelHandlerContext.callHandlerAdded(AbstractChannelHandlerContext.java:938) [netty-all-4.1.52.Final.jar:4.1.52.Final]
	at io.netty.channel.DefaultChannelPipeline.callHandlerAdded0(DefaultChannelPipeline.java:609) [netty-all-4.1.52.Final.jar:4.1.52.Final]
	at io.netty.channel.DefaultChannelPipeline.access$100(DefaultChannelPipeline.java:46) [netty-all-4.1.52.Final.jar:4.1.52.Final]
	at io.netty.channel.DefaultChannelPipeline$PendingHandlerAddedTask.execute(DefaultChannelPipeline.java:1463) [netty-all-4.1.52.Final.jar:4.1.52.Final]
	at io.netty.channel.DefaultChannelPipeline.callHandlerAddedForAllHandlers(DefaultChannelPipeline.java:1115) [netty-all-4.1.52.Final.jar:4.1.52.Final]
	at io.netty.channel.DefaultChannelPipeline.invokeHandlerAddedIfNeeded(DefaultChannelPipeline.java:650) [netty-all-4.1.52.Final.jar:4.1.52.Final]
	at io.netty.channel.AbstractChannel$AbstractUnsafe.register0(AbstractChannel.java:502) [netty-all-4.1.52.Final.jar:4.1.52.Final]
	at io.netty.channel.AbstractChannel$AbstractUnsafe.access$200(AbstractChannel.java:417) [netty-all-4.1.52.Final.jar:4.1.52.Final]
	at io.netty.channel.AbstractChannel$AbstractUnsafe$1.run(AbstractChannel.java:474) [netty-all-4.1.52.Final.jar:4.1.52.Final]
	at io.netty.util.concurrent.AbstractEventExecutor.safeExecute(AbstractEventExecutor.java:164) [netty-all-4.1.52.Final.jar:4.1.52.Final]
	at io.netty.util.concurrent.SingleThreadEventExecutor.runAllTasks(SingleThreadEventExecutor.java:472) [netty-all-4.1.52.Final.jar:4.1.52.Final]
	at io.netty.channel.nio.NioEventLoop.run(NioEventLoop.java:500) [netty-all-4.1.52.Final.jar:4.1.52.Final]
	at io.netty.util.concurrent.SingleThreadEventExecutor$4.run(SingleThreadEventExecutor.java:989) [netty-all-4.1.52.Final.jar:4.1.52.Final]
	at io.netty.util.internal.ThreadExecutorMap$2.run(ThreadExecutorMap.java:74) [netty-all-4.1.52.Final.jar:4.1.52.Final]
	at io.netty.util.concurrent.FastThreadLocalRunnable.run(FastThreadLocalRunnable.java:30) [netty-all-4.1.52.Final.jar:4.1.52.Final]
	at java.lang.Thread.run(Thread.java:748) [?:1.8.0_251]
2021-01-29 12:52:00,362 WARN i.n.c.ChannelInitializer [nioEventLoopGroup-3-5] Failed to initialize a channel. Closing: [id: 0xdc2de3b3, L:/127.0.0.1:8189 - R:/127.0.0.1:58688]
io.netty.channel.ChannelPipelineException: core.ServerHandler is not a @Sharable handler, so can't be added or removed multiple times.
	at io.netty.channel.DefaultChannelPipeline.checkMultiplicity(DefaultChannelPipeline.java:600) ~[netty-all-4.1.52.Final.jar:4.1.52.Final]
	at io.netty.channel.DefaultChannelPipeline.addLast(DefaultChannelPipeline.java:202) ~[netty-all-4.1.52.Final.jar:4.1.52.Final]
	at io.netty.channel.DefaultChannelPipeline.addLast(DefaultChannelPipeline.java:381) ~[netty-all-4.1.52.Final.jar:4.1.52.Final]
	at io.netty.channel.DefaultChannelPipeline.addLast(DefaultChannelPipeline.java:370) ~[netty-all-4.1.52.Final.jar:4.1.52.Final]
	at core.Server$1.initChannel(Server.java:32) ~[main/:?]
	at core.Server$1.initChannel(Server.java:29) ~[main/:?]
	at io.netty.channel.ChannelInitializer.initChannel(ChannelInitializer.java:129) [netty-all-4.1.52.Final.jar:4.1.52.Final]
	at io.netty.channel.ChannelInitializer.handlerAdded(ChannelInitializer.java:112) [netty-all-4.1.52.Final.jar:4.1.52.Final]
	at io.netty.channel.AbstractChannelHandlerContext.callHandlerAdded(AbstractChannelHandlerContext.java:938) [netty-all-4.1.52.Final.jar:4.1.52.Final]
	at io.netty.channel.DefaultChannelPipeline.callHandlerAdded0(DefaultChannelPipeline.java:609) [netty-all-4.1.52.Final.jar:4.1.52.Final]
	at io.netty.channel.DefaultChannelPipeline.access$100(DefaultChannelPipeline.java:46) [netty-all-4.1.52.Final.jar:4.1.52.Final]
	at io.netty.channel.DefaultChannelPipeline$PendingHandlerAddedTask.execute(DefaultChannelPipeline.java:1463) [netty-all-4.1.52.Final.jar:4.1.52.Final]
	at io.netty.channel.DefaultChannelPipeline.callHandlerAddedForAllHandlers(DefaultChannelPipeline.java:1115) [netty-all-4.1.52.Final.jar:4.1.52.Final]
	at io.netty.channel.DefaultChannelPipeline.invokeHandlerAddedIfNeeded(DefaultChannelPipeline.java:650) [netty-all-4.1.52.Final.jar:4.1.52.Final]
	at io.netty.channel.AbstractChannel$AbstractUnsafe.register0(AbstractChannel.java:502) [netty-all-4.1.52.Final.jar:4.1.52.Final]
	at io.netty.channel.AbstractChannel$AbstractUnsafe.access$200(AbstractChannel.java:417) [netty-all-4.1.52.Final.jar:4.1.52.Final]
	at io.netty.channel.AbstractChannel$AbstractUnsafe$1.run(AbstractChannel.java:474) [netty-all-4.1.52.Final.jar:4.1.52.Final]
	at io.netty.util.concurrent.AbstractEventExecutor.safeExecute(AbstractEventExecutor.java:164) [netty-all-4.1.52.Final.jar:4.1.52.Final]
	at io.netty.util.concurrent.SingleThreadEventExecutor.runAllTasks(SingleThreadEventExecutor.java:472) [netty-all-4.1.52.Final.jar:4.1.52.Final]
	at io.netty.channel.nio.NioEventLoop.run(NioEventLoop.java:500) [netty-all-4.1.52.Final.jar:4.1.52.Final]
	at io.netty.util.concurrent.SingleThreadEventExecutor$4.run(SingleThreadEventExecutor.java:989) [netty-all-4.1.52.Final.jar:4.1.52.Final]
	at io.netty.util.internal.ThreadExecutorMap$2.run(ThreadExecutorMap.java:74) [netty-all-4.1.52.Final.jar:4.1.52.Final]
	at io.netty.util.concurrent.FastThreadLocalRunnable.run(FastThreadLocalRunnable.java:30) [netty-all-4.1.52.Final.jar:4.1.52.Final]
	at java.lang.Thread.run(Thread.java:748) [?:1.8.0_251]
2021-01-29 12:52:30,959 WARN i.n.c.ChannelInitializer [nioEventLoopGroup-3-6] Failed to initialize a channel. Closing: [id: 0x26c2cfe6, L:/127.0.0.1:8189 - R:/127.0.0.1:58693]
io.netty.channel.ChannelPipelineException: core.ServerHandler is not a @Sharable handler, so can't be added or removed multiple times.
	at io.netty.channel.DefaultChannelPipeline.checkMultiplicity(DefaultChannelPipeline.java:600) ~[netty-all-4.1.52.Final.jar:4.1.52.Final]
	at io.netty.channel.DefaultChannelPipeline.addLast(DefaultChannelPipeline.java:202) ~[netty-all-4.1.52.Final.jar:4.1.52.Final]
	at io.netty.channel.DefaultChannelPipeline.addLast(DefaultChannelPipeline.java:381) ~[netty-all-4.1.52.Final.jar:4.1.52.Final]
	at io.netty.channel.DefaultChannelPipeline.addLast(DefaultChannelPipeline.java:370) ~[netty-all-4.1.52.Final.jar:4.1.52.Final]
	at core.Server$1.initChannel(Server.java:32) ~[main/:?]
	at core.Server$1.initChannel(Server.java:29) ~[main/:?]
	at io.netty.channel.ChannelInitializer.initChannel(ChannelInitializer.java:129) [netty-all-4.1.52.Final.jar:4.1.52.Final]
	at io.netty.channel.ChannelInitializer.handlerAdded(ChannelInitializer.java:112) [netty-all-4.1.52.Final.jar:4.1.52.Final]
	at io.netty.channel.AbstractChannelHandlerContext.callHandlerAdded(AbstractChannelHandlerContext.java:938) [netty-all-4.1.52.Final.jar:4.1.52.Final]
	at io.netty.channel.DefaultChannelPipeline.callHandlerAdded0(DefaultChannelPipeline.java:609) [netty-all-4.1.52.Final.jar:4.1.52.Final]
	at io.netty.channel.DefaultChannelPipeline.access$100(DefaultChannelPipeline.java:46) [netty-all-4.1.52.Final.jar:4.1.52.Final]
	at io.netty.channel.DefaultChannelPipeline$PendingHandlerAddedTask.execute(DefaultChannelPipeline.java:1463) [netty-all-4.1.52.Final.jar:4.1.52.Final]
	at io.netty.channel.DefaultChannelPipeline.callHandlerAddedForAllHandlers(DefaultChannelPipeline.java:1115) [netty-all-4.1.52.Final.jar:4.1.52.Final]
	at io.netty.channel.DefaultChannelPipeline.invokeHandlerAddedIfNeeded(DefaultChannelPipeline.java:650) [netty-all-4.1.52.Final.jar:4.1.52.Final]
	at io.netty.channel.AbstractChannel$AbstractUnsafe.register0(AbstractChannel.java:502) [netty-all-4.1.52.Final.jar:4.1.52.Final]
	at io.netty.channel.AbstractChannel$AbstractUnsafe.access$200(AbstractChannel.java:417) [netty-all-4.1.52.Final.jar:4.1.52.Final]
	at io.netty.channel.AbstractChannel$AbstractUnsafe$1.run(AbstractChannel.java:474) [netty-all-4.1.52.Final.jar:4.1.52.Final]
	at io.netty.util.concurrent.AbstractEventExecutor.safeExecute(AbstractEventExecutor.java:164) [netty-all-4.1.52.Final.jar:4.1.52.Final]
	at io.netty.util.concurrent.SingleThreadEventExecutor.runAllTasks(SingleThreadEventExecutor.java:472) [netty-all-4.1.52.Final.jar:4.1.52.Final]
	at io.netty.channel.nio.NioEventLoop.run(NioEventLoop.java:500) [netty-all-4.1.52.Final.jar:4.1.52.Final]
	at io.netty.util.concurrent.SingleThreadEventExecutor$4.run(SingleThreadEventExecutor.java:989) [netty-all-4.1.52.Final.jar:4.1.52.Final]
	at io.netty.util.internal.ThreadExecutorMap$2.run(ThreadExecutorMap.java:74) [netty-all-4.1.52.Final.jar:4.1.52.Final]
	at io.netty.util.concurrent.FastThreadLocalRunnable.run(FastThreadLocalRunnable.java:30) [netty-all-4.1.52.Final.jar:4.1.52.Final]
	at java.lang.Thread.run(Thread.java:748) [?:1.8.0_251]
2021-01-29 12:53:29,923 WARN i.n.c.ChannelInitializer [nioEventLoopGroup-3-7] Failed to initialize a channel. Closing: [id: 0xb38da5b5, L:/127.0.0.1:8189 - R:/127.0.0.1:58704]
io.netty.channel.ChannelPipelineException: core.ServerHandler is not a @Sharable handler, so can't be added or removed multiple times.
	at io.netty.channel.DefaultChannelPipeline.checkMultiplicity(DefaultChannelPipeline.java:600) ~[netty-all-4.1.52.Final.jar:4.1.52.Final]
	at io.netty.channel.DefaultChannelPipeline.addLast(DefaultChannelPipeline.java:202) ~[netty-all-4.1.52.Final.jar:4.1.52.Final]
	at io.netty.channel.DefaultChannelPipeline.addLast(DefaultChannelPipeline.java:381) ~[netty-all-4.1.52.Final.jar:4.1.52.Final]
	at io.netty.channel.DefaultChannelPipeline.addLast(DefaultChannelPipeline.java:370) ~[netty-all-4.1.52.Final.jar:4.1.52.Final]
	at core.Server$1.initChannel(Server.java:32) ~[main/:?]
	at core.Server$1.initChannel(Server.java:29) ~[main/:?]
	at io.netty.channel.ChannelInitializer.initChannel(ChannelInitializer.java:129) [netty-all-4.1.52.Final.jar:4.1.52.Final]
	at io.netty.channel.ChannelInitializer.handlerAdded(ChannelInitializer.java:112) [netty-all-4.1.52.Final.jar:4.1.52.Final]
	at io.netty.channel.AbstractChannelHandlerContext.callHandlerAdded(AbstractChannelHandlerContext.java:938) [netty-all-4.1.52.Final.jar:4.1.52.Final]
	at io.netty.channel.DefaultChannelPipeline.callHandlerAdded0(DefaultChannelPipeline.java:609) [netty-all-4.1.52.Final.jar:4.1.52.Final]
	at io.netty.channel.DefaultChannelPipeline.access$100(DefaultChannelPipeline.java:46) [netty-all-4.1.52.Final.jar:4.1.52.Final]
	at io.netty.channel.DefaultChannelPipeline$PendingHandlerAddedTask.execute(DefaultChannelPipeline.java:1463) [netty-all-4.1.52.Final.jar:4.1.52.Final]
	at io.netty.channel.DefaultChannelPipeline.callHandlerAddedForAllHandlers(DefaultChannelPipeline.java:1115) [netty-all-4.1.52.Final.jar:4.1.52.Final]
	at io.netty.channel.DefaultChannelPipeline.invokeHandlerAddedIfNeeded(DefaultChannelPipeline.java:650) [netty-all-4.1.52.Final.jar:4.1.52.Final]
	at io.netty.channel.AbstractChannel$AbstractUnsafe.register0(AbstractChannel.java:502) [netty-all-4.1.52.Final.jar:4.1.52.Final]
	at io.netty.channel.AbstractChannel$AbstractUnsafe.access$200(AbstractChannel.java:417) [netty-all-4.1.52.Final.jar:4.1.52.Final]
	at io.netty.channel.AbstractChannel$AbstractUnsafe$1.run(AbstractChannel.java:474) [netty-all-4.1.52.Final.jar:4.1.52.Final]
	at io.netty.util.concurrent.AbstractEventExecutor.safeExecute(AbstractEventExecutor.java:164) [netty-all-4.1.52.Final.jar:4.1.52.Final]
	at io.netty.util.concurrent.SingleThreadEventExecutor.runAllTasks(SingleThreadEventExecutor.java:472) [netty-all-4.1.52.Final.jar:4.1.52.Final]
	at io.netty.channel.nio.NioEventLoop.run(NioEventLoop.java:500) [netty-all-4.1.52.Final.jar:4.1.52.Final]
	at io.netty.util.concurrent.SingleThreadEventExecutor$4.run(SingleThreadEventExecutor.java:989) [netty-all-4.1.52.Final.jar:4.1.52.Final]
	at io.netty.util.internal.ThreadExecutorMap$2.run(ThreadExecutorMap.java:74) [netty-all-4.1.52.Final.jar:4.1.52.Final]
	at io.netty.util.concurrent.FastThreadLocalRunnable.run(FastThreadLocalRunnable.java:30) [netty-all-4.1.52.Final.jar:4.1.52.Final]
	at java.lang.Thread.run(Thread.java:748) [?:1.8.0_251]
2021-01-29 12:55:29,076 WARN i.n.c.ChannelInitializer [nioEventLoopGroup-3-8] Failed to initialize a channel. Closing: [id: 0x884f4e15, L:/127.0.0.1:8189 - R:/127.0.0.1:58715]
io.netty.channel.ChannelPipelineException: core.ServerHandler is not a @Sharable handler, so can't be added or removed multiple times.
	at io.netty.channel.DefaultChannelPipeline.checkMultiplicity(DefaultChannelPipeline.java:600) ~[netty-all-4.1.52.Final.jar:4.1.52.Final]
	at io.netty.channel.DefaultChannelPipeline.addLast(DefaultChannelPipeline.java:202) ~[netty-all-4.1.52.Final.jar:4.1.52.Final]
	at io.netty.channel.DefaultChannelPipeline.addLast(DefaultChannelPipeline.java:381) ~[netty-all-4.1.52.Final.jar:4.1.52.Final]
	at io.netty.channel.DefaultChannelPipeline.addLast(DefaultChannelPipeline.java:370) ~[netty-all-4.1.52.Final.jar:4.1.52.Final]
	at core.Server$1.initChannel(Server.java:32) ~[main/:?]
	at core.Server$1.initChannel(Server.java:29) ~[main/:?]
	at io.netty.channel.ChannelInitializer.initChannel(ChannelInitializer.java:129) [netty-all-4.1.52.Final.jar:4.1.52.Final]
	at io.netty.channel.ChannelInitializer.handlerAdded(ChannelInitializer.java:112) [netty-all-4.1.52.Final.jar:4.1.52.Final]
	at io.netty.channel.AbstractChannelHandlerContext.callHandlerAdded(AbstractChannelHandlerContext.java:938) [netty-all-4.1.52.Final.jar:4.1.52.Final]
	at io.netty.channel.DefaultChannelPipeline.callHandlerAdded0(DefaultChannelPipeline.java:609) [netty-all-4.1.52.Final.jar:4.1.52.Final]
	at io.netty.channel.DefaultChannelPipeline.access$100(DefaultChannelPipeline.java:46) [netty-all-4.1.52.Final.jar:4.1.52.Final]
	at io.netty.channel.DefaultChannelPipeline$PendingHandlerAddedTask.execute(DefaultChannelPipeline.java:1463) [netty-all-4.1.52.Final.jar:4.1.52.Final]
	at io.netty.channel.DefaultChannelPipeline.callHandlerAddedForAllHandlers(DefaultChannelPipeline.java:1115) [netty-all-4.1.52.Final.jar:4.1.52.Final]
	at io.netty.channel.DefaultChannelPipeline.invokeHandlerAddedIfNeeded(DefaultChannelPipeline.java:650) [netty-all-4.1.52.Final.jar:4.1.52.Final]
	at io.netty.channel.AbstractChannel$AbstractUnsafe.register0(AbstractChannel.java:502) [netty-all-4.1.52.Final.jar:4.1.52.Final]
	at io.netty.channel.AbstractChannel$AbstractUnsafe.access$200(AbstractChannel.java:417) [netty-all-4.1.52.Final.jar:4.1.52.Final]
	at io.netty.channel.AbstractChannel$AbstractUnsafe$1.run(AbstractChannel.java:474) [netty-all-4.1.52.Final.jar:4.1.52.Final]
	at io.netty.util.concurrent.AbstractEventExecutor.safeExecute(AbstractEventExecutor.java:164) [netty-all-4.1.52.Final.jar:4.1.52.Final]
	at io.netty.util.concurrent.SingleThreadEventExecutor.runAllTasks(SingleThreadEventExecutor.java:472) [netty-all-4.1.52.Final.jar:4.1.52.Final]
	at io.netty.channel.nio.NioEventLoop.run(NioEventLoop.java:500) [netty-all-4.1.52.Final.jar:4.1.52.Final]
	at io.netty.util.concurrent.SingleThreadEventExecutor$4.run(SingleThreadEventExecutor.java:989) [netty-all-4.1.52.Final.jar:4.1.52.Final]
	at io.netty.util.internal.ThreadExecutorMap$2.run(ThreadExecutorMap.java:74) [netty-all-4.1.52.Final.jar:4.1.52.Final]
	at io.netty.util.concurrent.FastThreadLocalRunnable.run(FastThreadLocalRunnable.java:30) [netty-all-4.1.52.Final.jar:4.1.52.Final]
	at java.lang.Thread.run(Thread.java:748) [?:1.8.0_251]
2021-01-29 12:56:47,211 WARN i.n.c.ChannelInitializer [nioEventLoopGroup-3-1] Failed to initialize a channel. Closing: [id: 0x8c5aba0c, L:/127.0.0.1:8189 - R:/127.0.0.1:58724]
io.netty.channel.ChannelPipelineException: core.ServerHandler is not a @Sharable handler, so can't be added or removed multiple times.
	at io.netty.channel.DefaultChannelPipeline.checkMultiplicity(DefaultChannelPipeline.java:600) ~[netty-all-4.1.52.Final.jar:4.1.52.Final]
	at io.netty.channel.DefaultChannelPipeline.addLast(DefaultChannelPipeline.java:202) ~[netty-all-4.1.52.Final.jar:4.1.52.Final]
	at io.netty.channel.DefaultChannelPipeline.addLast(DefaultChannelPipeline.java:381) ~[netty-all-4.1.52.Final.jar:4.1.52.Final]
	at io.netty.channel.DefaultChannelPipeline.addLast(DefaultChannelPipeline.java:370) ~[netty-all-4.1.52.Final.jar:4.1.52.Final]
	at core.Server$1.initChannel(Server.java:32) ~[main/:?]
	at core.Server$1.initChannel(Server.java:29) ~[main/:?]
	at io.netty.channel.ChannelInitializer.initChannel(ChannelInitializer.java:129) [netty-all-4.1.52.Final.jar:4.1.52.Final]
	at io.netty.channel.ChannelInitializer.handlerAdded(ChannelInitializer.java:112) [netty-all-4.1.52.Final.jar:4.1.52.Final]
	at io.netty.channel.AbstractChannelHandlerContext.callHandlerAdded(AbstractChannelHandlerContext.java:938) [netty-all-4.1.52.Final.jar:4.1.52.Final]
	at io.netty.channel.DefaultChannelPipeline.callHandlerAdded0(DefaultChannelPipeline.java:609) [netty-all-4.1.52.Final.jar:4.1.52.Final]
	at io.netty.channel.DefaultChannelPipeline.access$100(DefaultChannelPipeline.java:46) [netty-all-4.1.52.Final.jar:4.1.52.Final]
	at io.netty.channel.DefaultChannelPipeline$PendingHandlerAddedTask.execute(DefaultChannelPipeline.java:1463) [netty-all-4.1.52.Final.jar:4.1.52.Final]
	at io.netty.channel.DefaultChannelPipeline.callHandlerAddedForAllHandlers(DefaultChannelPipeline.java:1115) [netty-all-4.1.52.Final.jar:4.1.52.Final]
	at io.netty.channel.DefaultChannelPipeline.invokeHandlerAddedIfNeeded(DefaultChannelPipeline.java:650) [netty-all-4.1.52.Final.jar:4.1.52.Final]
	at io.netty.channel.AbstractChannel$AbstractUnsafe.register0(AbstractChannel.java:502) [netty-all-4.1.52.Final.jar:4.1.52.Final]
	at io.netty.channel.AbstractChannel$AbstractUnsafe.access$200(AbstractChannel.java:417) [netty-all-4.1.52.Final.jar:4.1.52.Final]
	at io.netty.channel.AbstractChannel$AbstractUnsafe$1.run(AbstractChannel.java:474) [netty-all-4.1.52.Final.jar:4.1.52.Final]
	at io.netty.util.concurrent.AbstractEventExecutor.safeExecute(AbstractEventExecutor.java:164) [netty-all-4.1.52.Final.jar:4.1.52.Final]
	at io.netty.util.concurrent.SingleThreadEventExecutor.runAllTasks(SingleThreadEventExecutor.java:472) [netty-all-4.1.52.Final.jar:4.1.52.Final]
	at io.netty.channel.nio.NioEventLoop.run(NioEventLoop.java:500) [netty-all-4.1.52.Final.jar:4.1.52.Final]
	at io.netty.util.concurrent.SingleThreadEventExecutor$4.run(SingleThreadEventExecutor.java:989) [netty-all-4.1.52.Final.jar:4.1.52.Final]
	at io.netty.util.internal.ThreadExecutorMap$2.run(ThreadExecutorMap.java:74) [netty-all-4.1.52.Final.jar:4.1.52.Final]
	at io.netty.util.concurrent.FastThreadLocalRunnable.run(FastThreadLocalRunnable.java:30) [netty-all-4.1.52.Final.jar:4.1.52.Final]
	at java.lang.Thread.run(Thread.java:748) [?:1.8.0_251]
2021-01-29 12:57:28,956 WARN i.n.c.ChannelInitializer [nioEventLoopGroup-3-2] Failed to initialize a channel. Closing: [id: 0x304c761c, L:/127.0.0.1:8189 - R:/127.0.0.1:58730]
io.netty.channel.ChannelPipelineException: core.ServerHandler is not a @Sharable handler, so can't be added or removed multiple times.
	at io.netty.channel.DefaultChannelPipeline.checkMultiplicity(DefaultChannelPipeline.java:600) ~[netty-all-4.1.52.Final.jar:4.1.52.Final]
	at io.netty.channel.DefaultChannelPipeline.addLast(DefaultChannelPipeline.java:202) ~[netty-all-4.1.52.Final.jar:4.1.52.Final]
	at io.netty.channel.DefaultChannelPipeline.addLast(DefaultChannelPipeline.java:381) ~[netty-all-4.1.52.Final.jar:4.1.52.Final]
	at io.netty.channel.DefaultChannelPipeline.addLast(DefaultChannelPipeline.java:370) ~[netty-all-4.1.52.Final.jar:4.1.52.Final]
	at core.Server$1.initChannel(Server.java:32) ~[main/:?]
	at core.Server$1.initChannel(Server.java:29) ~[main/:?]
	at io.netty.channel.ChannelInitializer.initChannel(ChannelInitializer.java:129) [netty-all-4.1.52.Final.jar:4.1.52.Final]
	at io.netty.channel.ChannelInitializer.handlerAdded(ChannelInitializer.java:112) [netty-all-4.1.52.Final.jar:4.1.52.Final]
	at io.netty.channel.AbstractChannelHandlerContext.callHandlerAdded(AbstractChannelHandlerContext.java:938) [netty-all-4.1.52.Final.jar:4.1.52.Final]
	at io.netty.channel.DefaultChannelPipeline.callHandlerAdded0(DefaultChannelPipeline.java:609) [netty-all-4.1.52.Final.jar:4.1.52.Final]
	at io.netty.channel.DefaultChannelPipeline.access$100(DefaultChannelPipeline.java:46) [netty-all-4.1.52.Final.jar:4.1.52.Final]
	at io.netty.channel.DefaultChannelPipeline$PendingHandlerAddedTask.execute(DefaultChannelPipeline.java:1463) [netty-all-4.1.52.Final.jar:4.1.52.Final]
	at io.netty.channel.DefaultChannelPipeline.callHandlerAddedForAllHandlers(DefaultChannelPipeline.java:1115) [netty-all-4.1.52.Final.jar:4.1.52.Final]
	at io.netty.channel.DefaultChannelPipeline.invokeHandlerAddedIfNeeded(DefaultChannelPipeline.java:650) [netty-all-4.1.52.Final.jar:4.1.52.Final]
	at io.netty.channel.AbstractChannel$AbstractUnsafe.register0(AbstractChannel.java:502) [netty-all-4.1.52.Final.jar:4.1.52.Final]
	at io.netty.channel.AbstractChannel$AbstractUnsafe.access$200(AbstractChannel.java:417) [netty-all-4.1.52.Final.jar:4.1.52.Final]
	at io.netty.channel.AbstractChannel$AbstractUnsafe$1.run(AbstractChannel.java:474) [netty-all-4.1.52.Final.jar:4.1.52.Final]
	at io.netty.util.concurrent.AbstractEventExecutor.safeExecute(AbstractEventExecutor.java:164) [netty-all-4.1.52.Final.jar:4.1.52.Final]
	at io.netty.util.concurrent.SingleThreadEventExecutor.runAllTasks(SingleThreadEventExecutor.java:472) [netty-all-4.1.52.Final.jar:4.1.52.Final]
	at io.netty.channel.nio.NioEventLoop.run(NioEventLoop.java:500) [netty-all-4.1.52.Final.jar:4.1.52.Final]
	at io.netty.util.concurrent.SingleThreadEventExecutor$4.run(SingleThreadEventExecutor.java:989) [netty-all-4.1.52.Final.jar:4.1.52.Final]
	at io.netty.util.internal.ThreadExecutorMap$2.run(ThreadExecutorMap.java:74) [netty-all-4.1.52.Final.jar:4.1.52.Final]
	at io.netty.util.concurrent.FastThreadLocalRunnable.run(FastThreadLocalRunnable.java:30) [netty-all-4.1.52.Final.jar:4.1.52.Final]
	at java.lang.Thread.run(Thread.java:748) [?:1.8.0_251]
2021-01-29 12:57:47,338 WARN i.n.c.ChannelInitializer [nioEventLoopGroup-3-3] Failed to initialize a channel. Closing: [id: 0x5520cbf0, L:/127.0.0.1:8189 - R:/127.0.0.1:58734]
io.netty.channel.ChannelPipelineException: core.ServerHandler is not a @Sharable handler, so can't be added or removed multiple times.
	at io.netty.channel.DefaultChannelPipeline.checkMultiplicity(DefaultChannelPipeline.java:600) ~[netty-all-4.1.52.Final.jar:4.1.52.Final]
	at io.netty.channel.DefaultChannelPipeline.addLast(DefaultChannelPipeline.java:202) ~[netty-all-4.1.52.Final.jar:4.1.52.Final]
	at io.netty.channel.DefaultChannelPipeline.addLast(DefaultChannelPipeline.java:381) ~[netty-all-4.1.52.Final.jar:4.1.52.Final]
	at io.netty.channel.DefaultChannelPipeline.addLast(DefaultChannelPipeline.java:370) ~[netty-all-4.1.52.Final.jar:4.1.52.Final]
	at core.Server$1.initChannel(Server.java:32) ~[main/:?]
	at core.Server$1.initChannel(Server.java:29) ~[main/:?]
	at io.netty.channel.ChannelInitializer.initChannel(ChannelInitializer.java:129) [netty-all-4.1.52.Final.jar:4.1.52.Final]
	at io.netty.channel.ChannelInitializer.handlerAdded(ChannelInitializer.java:112) [netty-all-4.1.52.Final.jar:4.1.52.Final]
	at io.netty.channel.AbstractChannelHandlerContext.callHandlerAdded(AbstractChannelHandlerContext.java:938) [netty-all-4.1.52.Final.jar:4.1.52.Final]
	at io.netty.channel.DefaultChannelPipeline.callHandlerAdded0(DefaultChannelPipeline.java:609) [netty-all-4.1.52.Final.jar:4.1.52.Final]
	at io.netty.channel.DefaultChannelPipeline.access$100(DefaultChannelPipeline.java:46) [netty-all-4.1.52.Final.jar:4.1.52.Final]
	at io.netty.channel.DefaultChannelPipeline$PendingHandlerAddedTask.execute(DefaultChannelPipeline.java:1463) [netty-all-4.1.52.Final.jar:4.1.52.Final]
	at io.netty.channel.DefaultChannelPipeline.callHandlerAddedForAllHandlers(DefaultChannelPipeline.java:1115) [netty-all-4.1.52.Final.jar:4.1.52.Final]
	at io.netty.channel.DefaultChannelPipeline.invokeHandlerAddedIfNeeded(DefaultChannelPipeline.java:650) [netty-all-4.1.52.Final.jar:4.1.52.Final]
	at io.netty.channel.AbstractChannel$AbstractUnsafe.register0(AbstractChannel.java:502) [netty-all-4.1.52.Final.jar:4.1.52.Final]
	at io.netty.channel.AbstractChannel$AbstractUnsafe.access$200(AbstractChannel.java:417) [netty-all-4.1.52.Final.jar:4.1.52.Final]
	at io.netty.channel.AbstractChannel$AbstractUnsafe$1.run(AbstractChannel.java:474) [netty-all-4.1.52.Final.jar:4.1.52.Final]
	at io.netty.util.concurrent.AbstractEventExecutor.safeExecute(AbstractEventExecutor.java:164) [netty-all-4.1.52.Final.jar:4.1.52.Final]
	at io.netty.util.concurrent.SingleThreadEventExecutor.runAllTasks(SingleThreadEventExecutor.java:472) [netty-all-4.1.52.Final.jar:4.1.52.Final]
	at io.netty.channel.nio.NioEventLoop.run(NioEventLoop.java:500) [netty-all-4.1.52.Final.jar:4.1.52.Final]
	at io.netty.util.concurrent.SingleThreadEventExecutor$4.run(SingleThreadEventExecutor.java:989) [netty-all-4.1.52.Final.jar:4.1.52.Final]
	at io.netty.util.internal.ThreadExecutorMap$2.run(ThreadExecutorMap.java:74) [netty-all-4.1.52.Final.jar:4.1.52.Final]
	at io.netty.util.concurrent.FastThreadLocalRunnable.run(FastThreadLocalRunnable.java:30) [netty-all-4.1.52.Final.jar:4.1.52.Final]
	at java.lang.Thread.run(Thread.java:748) [?:1.8.0_251]
2021-01-29 12:59:34,679 WARN i.n.c.ChannelInitializer [nioEventLoopGroup-3-4] Failed to initialize a channel. Closing: [id: 0xf6246c53, L:/127.0.0.1:8189 - R:/127.0.0.1:58743]
io.netty.channel.ChannelPipelineException: core.ServerHandler is not a @Sharable handler, so can't be added or removed multiple times.
	at io.netty.channel.DefaultChannelPipeline.checkMultiplicity(DefaultChannelPipeline.java:600) ~[netty-all-4.1.52.Final.jar:4.1.52.Final]
	at io.netty.channel.DefaultChannelPipeline.addLast(DefaultChannelPipeline.java:202) ~[netty-all-4.1.52.Final.jar:4.1.52.Final]
	at io.netty.channel.DefaultChannelPipeline.addLast(DefaultChannelPipeline.java:381) ~[netty-all-4.1.52.Final.jar:4.1.52.Final]
	at io.netty.channel.DefaultChannelPipeline.addLast(DefaultChannelPipeline.java:370) ~[netty-all-4.1.52.Final.jar:4.1.52.Final]
	at core.Server$1.initChannel(Server.java:32) ~[main/:?]
	at core.Server$1.initChannel(Server.java:29) ~[main/:?]
	at io.netty.channel.ChannelInitializer.initChannel(ChannelInitializer.java:129) [netty-all-4.1.52.Final.jar:4.1.52.Final]
	at io.netty.channel.ChannelInitializer.handlerAdded(ChannelInitializer.java:112) [netty-all-4.1.52.Final.jar:4.1.52.Final]
	at io.netty.channel.AbstractChannelHandlerContext.callHandlerAdded(AbstractChannelHandlerContext.java:938) [netty-all-4.1.52.Final.jar:4.1.52.Final]
	at io.netty.channel.DefaultChannelPipeline.callHandlerAdded0(DefaultChannelPipeline.java:609) [netty-all-4.1.52.Final.jar:4.1.52.Final]
	at io.netty.channel.DefaultChannelPipeline.access$100(DefaultChannelPipeline.java:46) [netty-all-4.1.52.Final.jar:4.1.52.Final]
	at io.netty.channel.DefaultChannelPipeline$PendingHandlerAddedTask.execute(DefaultChannelPipeline.java:1463) [netty-all-4.1.52.Final.jar:4.1.52.Final]
	at io.netty.channel.DefaultChannelPipeline.callHandlerAddedForAllHandlers(DefaultChannelPipeline.java:1115) [netty-all-4.1.52.Final.jar:4.1.52.Final]
	at io.netty.channel.DefaultChannelPipeline.invokeHandlerAddedIfNeeded(DefaultChannelPipeline.java:650) [netty-all-4.1.52.Final.jar:4.1.52.Final]
	at io.netty.channel.AbstractChannel$AbstractUnsafe.register0(AbstractChannel.java:502) [netty-all-4.1.52.Final.jar:4.1.52.Final]
	at io.netty.channel.AbstractChannel$AbstractUnsafe.access$200(AbstractChannel.java:417) [netty-all-4.1.52.Final.jar:4.1.52.Final]
	at io.netty.channel.AbstractChannel$AbstractUnsafe$1.run(AbstractChannel.java:474) [netty-all-4.1.52.Final.jar:4.1.52.Final]
	at io.netty.util.concurrent.AbstractEventExecutor.safeExecute(AbstractEventExecutor.java:164) [netty-all-4.1.52.Final.jar:4.1.52.Final]
	at io.netty.util.concurrent.SingleThreadEventExecutor.runAllTasks(SingleThreadEventExecutor.java:472) [netty-all-4.1.52.Final.jar:4.1.52.Final]
	at io.netty.channel.nio.NioEventLoop.run(NioEventLoop.java:500) [netty-all-4.1.52.Final.jar:4.1.52.Final]
	at io.netty.util.concurrent.SingleThreadEventExecutor$4.run(SingleThreadEventExecutor.java:989) [netty-all-4.1.52.Final.jar:4.1.52.Final]
	at io.netty.util.internal.ThreadExecutorMap$2.run(ThreadExecutorMap.java:74) [netty-all-4.1.52.Final.jar:4.1.52.Final]
	at io.netty.util.concurrent.FastThreadLocalRunnable.run(FastThreadLocalRunnable.java:30) [netty-all-4.1.52.Final.jar:4.1.52.Final]
	at java.lang.Thread.run(Thread.java:748) [?:1.8.0_251]
2021-01-29 13:01:01,812 WARN i.n.c.ChannelInitializer [nioEventLoopGroup-3-5] Failed to initialize a channel. Closing: [id: 0x46439e69, L:/127.0.0.1:8189 - R:/127.0.0.1:58753]
io.netty.channel.ChannelPipelineException: core.ServerHandler is not a @Sharable handler, so can't be added or removed multiple times.
	at io.netty.channel.DefaultChannelPipeline.checkMultiplicity(DefaultChannelPipeline.java:600) ~[netty-all-4.1.52.Final.jar:4.1.52.Final]
	at io.netty.channel.DefaultChannelPipeline.addLast(DefaultChannelPipeline.java:202) ~[netty-all-4.1.52.Final.jar:4.1.52.Final]
	at io.netty.channel.DefaultChannelPipeline.addLast(DefaultChannelPipeline.java:381) ~[netty-all-4.1.52.Final.jar:4.1.52.Final]
	at io.netty.channel.DefaultChannelPipeline.addLast(DefaultChannelPipeline.java:370) ~[netty-all-4.1.52.Final.jar:4.1.52.Final]
	at core.Server$1.initChannel(Server.java:32) ~[main/:?]
	at core.Server$1.initChannel(Server.java:29) ~[main/:?]
	at io.netty.channel.ChannelInitializer.initChannel(ChannelInitializer.java:129) [netty-all-4.1.52.Final.jar:4.1.52.Final]
	at io.netty.channel.ChannelInitializer.handlerAdded(ChannelInitializer.java:112) [netty-all-4.1.52.Final.jar:4.1.52.Final]
	at io.netty.channel.AbstractChannelHandlerContext.callHandlerAdded(AbstractChannelHandlerContext.java:938) [netty-all-4.1.52.Final.jar:4.1.52.Final]
	at io.netty.channel.DefaultChannelPipeline.callHandlerAdded0(DefaultChannelPipeline.java:609) [netty-all-4.1.52.Final.jar:4.1.52.Final]
	at io.netty.channel.DefaultChannelPipeline.access$100(DefaultChannelPipeline.java:46) [netty-all-4.1.52.Final.jar:4.1.52.Final]
	at io.netty.channel.DefaultChannelPipeline$PendingHandlerAddedTask.execute(DefaultChannelPipeline.java:1463) [netty-all-4.1.52.Final.jar:4.1.52.Final]
	at io.netty.channel.DefaultChannelPipeline.callHandlerAddedForAllHandlers(DefaultChannelPipeline.java:1115) [netty-all-4.1.52.Final.jar:4.1.52.Final]
	at io.netty.channel.DefaultChannelPipeline.invokeHandlerAddedIfNeeded(DefaultChannelPipeline.java:650) [netty-all-4.1.52.Final.jar:4.1.52.Final]
	at io.netty.channel.AbstractChannel$AbstractUnsafe.register0(AbstractChannel.java:502) [netty-all-4.1.52.Final.jar:4.1.52.Final]
	at io.netty.channel.AbstractChannel$AbstractUnsafe.access$200(AbstractChannel.java:417) [netty-all-4.1.52.Final.jar:4.1.52.Final]
	at io.netty.channel.AbstractChannel$AbstractUnsafe$1.run(AbstractChannel.java:474) [netty-all-4.1.52.Final.jar:4.1.52.Final]
	at io.netty.util.concurrent.AbstractEventExecutor.safeExecute(AbstractEventExecutor.java:164) [netty-all-4.1.52.Final.jar:4.1.52.Final]
	at io.netty.util.concurrent.SingleThreadEventExecutor.runAllTasks(SingleThreadEventExecutor.java:472) [netty-all-4.1.52.Final.jar:4.1.52.Final]
	at io.netty.channel.nio.NioEventLoop.run(NioEventLoop.java:500) [netty-all-4.1.52.Final.jar:4.1.52.Final]
	at io.netty.util.concurrent.SingleThreadEventExecutor$4.run(SingleThreadEventExecutor.java:989) [netty-all-4.1.52.Final.jar:4.1.52.Final]
	at io.netty.util.internal.ThreadExecutorMap$2.run(ThreadExecutorMap.java:74) [netty-all-4.1.52.Final.jar:4.1.52.Final]
	at io.netty.util.concurrent.FastThreadLocalRunnable.run(FastThreadLocalRunnable.java:30) [netty-all-4.1.52.Final.jar:4.1.52.Final]
	at java.lang.Thread.run(Thread.java:748) [?:1.8.0_251]
2021-01-29 13:04:20,341 WARN i.n.c.ChannelInitializer [nioEventLoopGroup-3-6] Failed to initialize a channel. Closing: [id: 0x2526ccc2, L:/127.0.0.1:8189 - R:/127.0.0.1:58788]
io.netty.channel.ChannelPipelineException: core.ServerHandler is not a @Sharable handler, so can't be added or removed multiple times.
	at io.netty.channel.DefaultChannelPipeline.checkMultiplicity(DefaultChannelPipeline.java:600) ~[netty-all-4.1.52.Final.jar:4.1.52.Final]
	at io.netty.channel.DefaultChannelPipeline.addLast(DefaultChannelPipeline.java:202) ~[netty-all-4.1.52.Final.jar:4.1.52.Final]
	at io.netty.channel.DefaultChannelPipeline.addLast(DefaultChannelPipeline.java:381) ~[netty-all-4.1.52.Final.jar:4.1.52.Final]
	at io.netty.channel.DefaultChannelPipeline.addLast(DefaultChannelPipeline.java:370) ~[netty-all-4.1.52.Final.jar:4.1.52.Final]
	at core.Server$1.initChannel(Server.java:32) ~[main/:?]
	at core.Server$1.initChannel(Server.java:29) ~[main/:?]
	at io.netty.channel.ChannelInitializer.initChannel(ChannelInitializer.java:129) [netty-all-4.1.52.Final.jar:4.1.52.Final]
	at io.netty.channel.ChannelInitializer.handlerAdded(ChannelInitializer.java:112) [netty-all-4.1.52.Final.jar:4.1.52.Final]
	at io.netty.channel.AbstractChannelHandlerContext.callHandlerAdded(AbstractChannelHandlerContext.java:938) [netty-all-4.1.52.Final.jar:4.1.52.Final]
	at io.netty.channel.DefaultChannelPipeline.callHandlerAdded0(DefaultChannelPipeline.java:609) [netty-all-4.1.52.Final.jar:4.1.52.Final]
	at io.netty.channel.DefaultChannelPipeline.access$100(DefaultChannelPipeline.java:46) [netty-all-4.1.52.Final.jar:4.1.52.Final]
	at io.netty.channel.DefaultChannelPipeline$PendingHandlerAddedTask.execute(DefaultChannelPipeline.java:1463) [netty-all-4.1.52.Final.jar:4.1.52.Final]
	at io.netty.channel.DefaultChannelPipeline.callHandlerAddedForAllHandlers(DefaultChannelPipeline.java:1115) [netty-all-4.1.52.Final.jar:4.1.52.Final]
	at io.netty.channel.DefaultChannelPipeline.invokeHandlerAddedIfNeeded(DefaultChannelPipeline.java:650) [netty-all-4.1.52.Final.jar:4.1.52.Final]
	at io.netty.channel.AbstractChannel$AbstractUnsafe.register0(AbstractChannel.java:502) [netty-all-4.1.52.Final.jar:4.1.52.Final]
	at io.netty.channel.AbstractChannel$AbstractUnsafe.access$200(AbstractChannel.java:417) [netty-all-4.1.52.Final.jar:4.1.52.Final]
	at io.netty.channel.AbstractChannel$AbstractUnsafe$1.run(AbstractChannel.java:474) [netty-all-4.1.52.Final.jar:4.1.52.Final]
	at io.netty.util.concurrent.AbstractEventExecutor.safeExecute(AbstractEventExecutor.java:164) [netty-all-4.1.52.Final.jar:4.1.52.Final]
	at io.netty.util.concurrent.SingleThreadEventExecutor.runAllTasks(SingleThreadEventExecutor.java:472) [netty-all-4.1.52.Final.jar:4.1.52.Final]
	at io.netty.channel.nio.NioEventLoop.run(NioEventLoop.java:500) [netty-all-4.1.52.Final.jar:4.1.52.Final]
	at io.netty.util.concurrent.SingleThreadEventExecutor$4.run(SingleThreadEventExecutor.java:989) [netty-all-4.1.52.Final.jar:4.1.52.Final]
	at io.netty.util.internal.ThreadExecutorMap$2.run(ThreadExecutorMap.java:74) [netty-all-4.1.52.Final.jar:4.1.52.Final]
	at io.netty.util.concurrent.FastThreadLocalRunnable.run(FastThreadLocalRunnable.java:30) [netty-all-4.1.52.Final.jar:4.1.52.Final]
	at java.lang.Thread.run(Thread.java:748) [?:1.8.0_251]
2021-01-29 13:06:55,340 INFO c.Server [main] Server started
2021-01-29 13:07:10,049 INFO c.ServerHandler [nioEventLoopGroup-3-1] Client with ip: /127.0.0.1:8189 connected
2021-01-29 13:07:21,281 INFO c.ServerHandler [nioEventLoopGroup-3-1] Client with ip: /127.0.0.1:8189 disconnected
